Change Component Designator: OldDesignator=LED? NewDesignator=LED4
Change Component Designator: OldDesignator=LED? NewDesignator=LED5
Change Component Designator: OldDesignator=LED? NewDesignator=LED6
Change Component Designator: OldDesignator=LED? NewDesignator=LED7
Change Component Designator: OldDesignator=LED? NewDesignator=LED8
Change Component Designator: OldDesignator=LED? NewDesignator=LED9
Change Component Designator: OldDesignator=LED? NewDesignator=LED10
Change Component Designator: OldDesignator=R? NewDesignator=R3
Change Component Designator: OldDesignator=R? NewDesignator=R4
Change Component Designator: OldDesignator=R? NewDesignator=R5
Change Net Name : Old Net Name=NetLED?_1 New Net Name=NetLED10_1
Change Net Name : Old Net Name=NetLED?_2 New Net Name=NetLED8_2
Added Pin To Net: NetName=NetLED4_1 Pin=LED4-1
Added Pin To Net: NetName=NetLED4_1 Pin=R1-1
Added Net: Name=NetLED4_1
Added Pin To Net: NetName=NetLED5_2 Pin=LED5-2
Added Pin To Net: NetName=NetLED5_2 Pin=R2-1
Added Net: Name=NetLED5_2
Added Pin To Net: NetName=NetLED6_2 Pin=LED6-2
Added Pin To Net: NetName=NetLED6_2 Pin=R6-1
Added Net: Name=NetLED6_2
Added Pin To Net: NetName=NetLED7_1 Pin=LED7-1
Added Pin To Net: NetName=NetLED7_1 Pin=R8-1
Added Net: Name=NetLED7_1
Added Pin To Net: NetName=NetLED9_2 Pin=LED9-2
Added Pin To Net: NetName=NetLED9_2 Pin=R10-1
Added Net: Name=NetLED9_2
Added Member To Class: ClassName=EE318 Member=Component LED4 RED
Added Member To Class: ClassName=EE318 Member=Component LED6 YELLOW
Added Member To Class: ClassName=EE318 Member=Component LED7 GREEN
Added Member To Class: ClassName=EE318 Member=Component LED8 YELLOW
Added Member To Class: ClassName=EE318 Member=Component LED9 YELLOW
Added Member To Class: ClassName=EE318 Member=Component LED10 RED
Added Member To Class: ClassName=EE318 Member=Component R3 220R
Added Member To Class: ClassName=EE318 Member=Component R5 220R
Added Room: Name=EE318
