Removed Pin From Net: NetName=MUX_CH4 Pin=IC1-1
Removed Pin From Net: NetName=MUX_CH6 Pin=IC1-2
Removed Pin From Net: NetName=+5 Pin=IC1-3
Removed Pin From Net: NetName=MUX_CH7 Pin=IC1-4
Removed Pin From Net: NetName=MUX_CH5 Pin=IC1-5
Removed Pin From Net: NetName=MUX_INH Pin=IC1-6
Removed Pin From Net: NetName=GND Pin=IC1-7
Removed Pin From Net: NetName=GND Pin=IC1-8
Removed Pin From Net: NetName=MUX_C Pin=IC1-9
Removed Pin From Net: NetName=MUX_B Pin=IC1-10
Removed Pin From Net: NetName=MUX_A Pin=IC1-11
Removed Pin From Net: NetName=MUX_CH3 Pin=IC1-12
Removed Pin From Net: NetName=MUX_CH0 Pin=IC1-13
Removed Pin From Net: NetName=MUX_CH1 Pin=IC1-14
Removed Pin From Net: NetName=MUX_CH2 Pin=IC1-15
Removed Pin From Net: NetName=+5 Pin=IC1-16
Removed Member From Class: ClassName=EE318 Member=IC1
Add Component: Footprint Not Found DIP794W53P254L1930H508Q16N
Add Pin To Net: Unknown Pin: Pin IC?-1
Add Pin To Net: Unknown Pin: Pin IC?-2
Add Pin To Net: Unknown Pin: Pin IC?-3
Add Pin To Net: Unknown Pin: Pin IC?-4
Add Pin To Net: Unknown Pin: Pin IC?-5
Add Pin To Net: Unknown Pin: Pin IC?-6
Add Pin To Net: Unknown Pin: Pin IC?-7
Add Pin To Net: Unknown Pin: Pin IC?-8
Add Pin To Net: Unknown Pin: Pin IC?-9
Add Pin To Net: Unknown Pin: Pin IC?-10
Add Pin To Net: Unknown Pin: Pin IC?-11
Add Pin To Net: Unknown Pin: Pin IC?-12
Add Pin To Net: Unknown Pin: Pin IC?-13
Add Pin To Net: Unknown Pin: Pin IC?-14
Add Pin To Net: Unknown Pin: Pin IC?-15
Add Pin To Net: Unknown Pin: Pin IC?-16
Add Class Member: Failed to add class member : Component IC? CD4051BE
Added Room: Name=EE318
