Added Component: Designator=IC1(DIP794W53P254L1930H508Q16N)
Add component (AddParameter): Name = "Arrow Part Number"; Value = "CD4051BE"; VariantName = "[No Variations]"
Add component (AddParameter): Name = "Arrow Price/Stock"; Value = "https://www.arrow.com/en/products/cd4051be/texas-instruments?region=nac"; VariantName = "[No Variations]"
Add component (AddParameter): Name = "Datasheet Link"; Value = "http://www.ti.com/lit/ds/symlink/cd4051b.pdf"; VariantName = "[No Variations]"
Add component (AddParameter): Name = "Height"; Value = "5.08mm"; VariantName = "[No Variations]"
Add component (AddParameter): Name = "Manufacturer_Name"; Value = "Texas Instruments"; VariantName = "[No Variations]"
Add component (AddParameter): Name = "Manufacturer_Part_Number"; Value = "CD4051BE"; VariantName = "[No Variations]"
Add component (AddParameter): Name = "Mouser Part Number"; Value = "595-CD4051BE"; VariantName = "[No Variations]"
Add component (AddParameter): Name = "Mouser Price/Stock"; Value = "https://www.mouser.co.uk/ProductDetail/Texas-Instruments/CD4051BE?qs=q2XTDbzbm6DxulBsMcV7tA%3D%3D"; VariantName = "[No Variations]"
Added Component: Designator=J1(RHDR10W60P0X254_1X10_2590X250X850P)
Add component (AddParameter): Name = "Arrow Part Number"; Value = ""; VariantName = "[No Variations]"
Add component (AddParameter): Name = "Arrow Price/Stock"; Value = ""; VariantName = "[No Variations]"
Add component (AddParameter): Name = "Datasheet Link"; Value = "http://katalog.we-online.de/em/datasheet/6130xx11821.pdf"; VariantName = "[No Variations]"
Add component (AddParameter): Name = "Height"; Value = "8.5mm"; VariantName = "[No Variations]"
Add component (AddParameter): Name = "Manufacturer_Name"; Value = "Wurth Elektronik"; VariantName = "[No Variations]"
Add component (AddParameter): Name = "Manufacturer_Part_Number"; Value = "61301011821"; VariantName = "[No Variations]"
Add component (AddParameter): Name = "Mouser Part Number"; Value = "710-61301011821"; VariantName = "[No Variations]"
Add component (AddParameter): Name = "Mouser Price/Stock"; Value = "https://www.mouser.co.uk/ProductDetail/Wurth-Elektronik/61301011821?qs=W%252B2sBeLta1ZhlLR0YCzonQ%3D%3D"; VariantName = "[No Variations]"
Added Component: Designator=J2(RHDR2W60P0X254_1X2_508X254X700P)
Add component (AddParameter): Name = "Arrow Part Number"; Value = ""; VariantName = "[No Variations]"
Add component (AddParameter): Name = "Arrow Price/Stock"; Value = ""; VariantName = "[No Variations]"
Add component (AddParameter): Name = "Datasheet Link"; Value = "http://www.precidip.com/AppHost/9696,1/Scripts/Modules/Catalog/Default.aspx?c=7&i=310&p=107&pdf=1&dsku=801-PP-NNN-10-001101"; VariantName = "[No Variations]"
Add component (AddParameter): Name = "Height"; Value = "7mm"; VariantName = "[No Variations]"
Add component (AddParameter): Name = "Manufacturer_Name"; Value = "Preci-Dip"; VariantName = "[No Variations]"
Add component (AddParameter): Name = "Manufacturer_Part_Number"; Value = "801-87-002-10-001101"; VariantName = "[No Variations]"
Add component (AddParameter): Name = "Mouser Part Number"; Value = "437-8018700210001101"; VariantName = "[No Variations]"
Add component (AddParameter): Name = "Mouser Price/Stock"; Value = "https://www.mouser.com/Search/Refine.aspx?Keyword=437-8018700210001101"; VariantName = "[No Variations]"
Added Component: Designator=J3(RHDR10W60P0X254_1X10_2590X250X850P)
Add component (AddParameter): Name = "Arrow Part Number"; Value = ""; VariantName = "[No Variations]"
Add component (AddParameter): Name = "Arrow Price/Stock"; Value = ""; VariantName = "[No Variations]"
Add component (AddParameter): Name = "Datasheet Link"; Value = "http://katalog.we-online.de/em/datasheet/6130xx11821.pdf"; VariantName = "[No Variations]"
Add component (AddParameter): Name = "Height"; Value = "8.5mm"; VariantName = "[No Variations]"
Add component (AddParameter): Name = "Manufacturer_Name"; Value = "Wurth Elektronik"; VariantName = "[No Variations]"
Add component (AddParameter): Name = "Manufacturer_Part_Number"; Value = "61301011821"; VariantName = "[No Variations]"
Add component (AddParameter): Name = "Mouser Part Number"; Value = "710-61301011821"; VariantName = "[No Variations]"
Add component (AddParameter): Name = "Mouser Price/Stock"; Value = "https://www.mouser.co.uk/ProductDetail/Wurth-Elektronik/61301011821?qs=W%252B2sBeLta1ZhlLR0YCzonQ%3D%3D"; VariantName = "[No Variations]"
Added Component: Designator=J4(10129379903003BLF)
Add component (AddParameter): Name = "Arrow Part Number"; Value = ""; VariantName = "[No Variations]"
Add component (AddParameter): Name = "Arrow Price/Stock"; Value = ""; VariantName = "[No Variations]"
Add component (AddParameter): Name = "Datasheet Link"; Value = "https://cdn.amphenol-cs.com/media/wysiwyg/files/drawing/10129379.pdf"; VariantName = "[No Variations]"
Add component (AddParameter): Name = "Height"; Value = "2.41mm"; VariantName = "[No Variations]"
Add component (AddParameter): Name = "Manufacturer_Name"; Value = "Amphenol Communications Solutions"; VariantName = "[No Variations]"
Add component (AddParameter): Name = "Manufacturer_Part_Number"; Value = "10129379-903003BLF"; VariantName = "[No Variations]"
Add component (AddParameter): Name = "Mouser Part Number"; Value = "649-1012937990303BLF"; VariantName = "[No Variations]"
Add component (AddParameter): Name = "Mouser Price/Stock"; Value = "https://www.mouser.co.uk/ProductDetail/Amphenol-FCI/10129379-903003BLF?qs=0lQeLiL1qya1UBwARe4kTQ%3D%3D"; VariantName = "[No Variations]"
Added Component: Designator=J5(HDRRA4W63P0X254_1X4_1016X260X264P)
Add component (AddParameter): Name = "Arrow Part Number"; Value = ""; VariantName = "[No Variations]"
Add component (AddParameter): Name = "Arrow Price/Stock"; Value = ""; VariantName = "[No Variations]"
Add component (AddParameter): Name = "Datasheet Link"; Value = "https://cdn.amphenol-cs.com/media/wysiwyg/files/drawing/c-8614-0136.pdf"; VariantName = "[No Variations]"
Add component (AddParameter): Name = "Height"; Value = "2.64mm"; VariantName = "[No Variations]"
Add component (AddParameter): Name = "Manufacturer_Name"; Value = "Amphenol Communications Solutions"; VariantName = "[No Variations]"
Add component (AddParameter): Name = "Manufacturer_Part_Number"; Value = "861400041LO1705LF"; VariantName = "[No Variations]"
Add component (AddParameter): Name = "Mouser Part Number"; Value = "649-86140041LO1705LF"; VariantName = "[No Variations]"
Add component (AddParameter): Name = "Mouser Price/Stock"; Value = "https://www.mouser.co.uk/ProductDetail/Amphenol-FCI/861400041LO1705LF?qs=7JiUwvV4mh6qwBpNV5AhhA%3D%3D"; VariantName = "[No Variations]"
Added Component: Designator=LED1(C503BRCNCW0Z0AA2)
Add component (AddParameter): Name = "Arrow Part Number"; Value = "C503B-RCN-CW0Z0AA2"; VariantName = "[No Variations]"
Add component (AddParameter): Name = "Arrow Price/Stock"; Value = "https://www.arrow.com/en/products/c503b-rcn-cw0z0aa2/cree-led?region=nac"; VariantName = "[No Variations]"
Add component (AddParameter): Name = "Datasheet Link"; Value = "https://www.cree.com/led-components/media/documents/C503B-RAS-RAN-AAS-AAN-RBS-RBN-ABS-ABN-RCS-RCN-ACS-ACN-1079.pdf"; VariantName = "[No Variations]"
Add component (AddParameter): Name = "Height"; Value = "10.3mm"; VariantName = "[No Variations]"
Add component (AddParameter): Name = "Manufacturer_Name"; Value = "Wolfspeed"; VariantName = "[No Variations]"
Add component (AddParameter): Name = "Manufacturer_Part_Number"; Value = "C503B-RCN-CW0Z0AA2"; VariantName = "[No Variations]"
Add component (AddParameter): Name = "Mouser Part Number"; Value = "941-C503BRCNCW0Z0AA2"; VariantName = "[No Variations]"
Add component (AddParameter): Name = "Mouser Price/Stock"; Value = "https://www.mouser.co.uk/ProductDetail/Cree-LED/C503B-RCN-CW0Z0AA2?qs=D3QG1iK7Fqi9NpEpLN2Agw%3D%3D"; VariantName = "[No Variations]"
Added Component: Designator=LED2(C503BRCNCW0Z0AA2)
Add component (AddParameter): Name = "Arrow Part Number"; Value = "C503B-RCN-CW0Z0AA2"; VariantName = "[No Variations]"
Add component (AddParameter): Name = "Arrow Price/Stock"; Value = "https://www.arrow.com/en/products/c503b-rcn-cw0z0aa2/cree-led?region=nac"; VariantName = "[No Variations]"
Add component (AddParameter): Name = "Datasheet Link"; Value = "https://www.cree.com/led-components/media/documents/C503B-RAS-RAN-AAS-AAN-RBS-RBN-ABS-ABN-RCS-RCN-ACS-ACN-1079.pdf"; VariantName = "[No Variations]"
Add component (AddParameter): Name = "Height"; Value = "10.3mm"; VariantName = "[No Variations]"
Add component (AddParameter): Name = "Manufacturer_Name"; Value = "Wolfspeed"; VariantName = "[No Variations]"
Add component (AddParameter): Name = "Manufacturer_Part_Number"; Value = "C503B-RCN-CW0Z0AA2"; VariantName = "[No Variations]"
Add component (AddParameter): Name = "Mouser Part Number"; Value = "941-C503BRCNCW0Z0AA2"; VariantName = "[No Variations]"
Add component (AddParameter): Name = "Mouser Price/Stock"; Value = "https://www.mouser.co.uk/ProductDetail/Cree-LED/C503B-RCN-CW0Z0AA2?qs=D3QG1iK7Fqi9NpEpLN2Agw%3D%3D"; VariantName = "[No Variations]"
Added Component: Designator=LED3(C503BRCNCW0Z0AA2)
Add component (AddParameter): Name = "Arrow Part Number"; Value = "C503B-RCN-CW0Z0AA2"; VariantName = "[No Variations]"
Add component (AddParameter): Name = "Arrow Price/Stock"; Value = "https://www.arrow.com/en/products/c503b-rcn-cw0z0aa2/cree-led?region=nac"; VariantName = "[No Variations]"
Add component (AddParameter): Name = "Datasheet Link"; Value = "https://www.cree.com/led-components/media/documents/C503B-RAS-RAN-AAS-AAN-RBS-RBN-ABS-ABN-RCS-RCN-ACS-ACN-1079.pdf"; VariantName = "[No Variations]"
Add component (AddParameter): Name = "Height"; Value = "10.3mm"; VariantName = "[No Variations]"
Add component (AddParameter): Name = "Manufacturer_Name"; Value = "Wolfspeed"; VariantName = "[No Variations]"
Add component (AddParameter): Name = "Manufacturer_Part_Number"; Value = "C503B-RCN-CW0Z0AA2"; VariantName = "[No Variations]"
Add component (AddParameter): Name = "Mouser Part Number"; Value = "941-C503BRCNCW0Z0AA2"; VariantName = "[No Variations]"
Add component (AddParameter): Name = "Mouser Price/Stock"; Value = "https://www.mouser.co.uk/ProductDetail/Cree-LED/C503B-RCN-CW0Z0AA2?qs=D3QG1iK7Fqi9NpEpLN2Agw%3D%3D"; VariantName = "[No Variations]"
Added Component: Designator=LED4(C503BRCNCW0Z0AA2)
Add component (AddParameter): Name = "Arrow Part Number"; Value = "C503B-RCN-CW0Z0AA2"; VariantName = "[No Variations]"
Add component (AddParameter): Name = "Arrow Price/Stock"; Value = "https://www.arrow.com/en/products/c503b-rcn-cw0z0aa2/cree-led?region=nac"; VariantName = "[No Variations]"
Add component (AddParameter): Name = "Datasheet Link"; Value = "https://www.cree.com/led-components/media/documents/C503B-RAS-RAN-AAS-AAN-RBS-RBN-ABS-ABN-RCS-RCN-ACS-ACN-1079.pdf"; VariantName = "[No Variations]"
Add component (AddParameter): Name = "Height"; Value = "10.3mm"; VariantName = "[No Variations]"
Add component (AddParameter): Name = "Manufacturer_Name"; Value = "Wolfspeed"; VariantName = "[No Variations]"
Add component (AddParameter): Name = "Manufacturer_Part_Number"; Value = "C503B-RCN-CW0Z0AA2"; VariantName = "[No Variations]"
Add component (AddParameter): Name = "Mouser Part Number"; Value = "941-C503BRCNCW0Z0AA2"; VariantName = "[No Variations]"
Add component (AddParameter): Name = "Mouser Price/Stock"; Value = "https://www.mouser.co.uk/ProductDetail/Cree-LED/C503B-RCN-CW0Z0AA2?qs=D3QG1iK7Fqi9NpEpLN2Agw%3D%3D"; VariantName = "[No Variations]"
Added Component: Designator=LED5(151051YS04000)
Add component (AddParameter): Name = "Arrow Part Number"; Value = ""; VariantName = "[No Variations]"
Add component (AddParameter): Name = "Arrow Price/Stock"; Value = ""; VariantName = "[No Variations]"
Add component (AddParameter): Name = "Datasheet Link"; Value = "https://katalog.we-online.de/led/datasheet/151051YS04000.pdf"; VariantName = "[No Variations]"
Add component (AddParameter): Name = "Height"; Value = "8.95mm"; VariantName = "[No Variations]"
Add component (AddParameter): Name = "Manufacturer_Name"; Value = "Wurth Elektronik"; VariantName = "[No Variations]"
Add component (AddParameter): Name = "Manufacturer_Part_Number"; Value = "151051YS04000"; VariantName = "[No Variations]"
Add component (AddParameter): Name = "Mouser Part Number"; Value = "710-151051YS04000"; VariantName = "[No Variations]"
Add component (AddParameter): Name = "Mouser Price/Stock"; Value = "https://www.mouser.co.uk/ProductDetail/Wurth-Elektronik/151051YS04000?qs=LlUlMxKIyB0Q49NwiX6stg%3D%3D"; VariantName = "[No Variations]"
Added Component: Designator=LED6(151051YS04000)
Add component (AddParameter): Name = "Arrow Part Number"; Value = ""; VariantName = "[No Variations]"
Add component (AddParameter): Name = "Arrow Price/Stock"; Value = ""; VariantName = "[No Variations]"
Add component (AddParameter): Name = "Datasheet Link"; Value = "https://katalog.we-online.de/led/datasheet/151051YS04000.pdf"; VariantName = "[No Variations]"
Add component (AddParameter): Name = "Height"; Value = "8.95mm"; VariantName = "[No Variations]"
Add component (AddParameter): Name = "Manufacturer_Name"; Value = "Wurth Elektronik"; VariantName = "[No Variations]"
Add component (AddParameter): Name = "Manufacturer_Part_Number"; Value = "151051YS04000"; VariantName = "[No Variations]"
Add component (AddParameter): Name = "Mouser Part Number"; Value = "710-151051YS04000"; VariantName = "[No Variations]"
Add component (AddParameter): Name = "Mouser Price/Stock"; Value = "https://www.mouser.co.uk/ProductDetail/Wurth-Elektronik/151051YS04000?qs=LlUlMxKIyB0Q49NwiX6stg%3D%3D"; VariantName = "[No Variations]"
Added Component: Designator=LED7(C503BGANCB0F0791)
Add component (AddParameter): Name = "Arrow Part Number"; Value = "C503B-GAN-CB0F0791"; VariantName = "[No Variations]"
Add component (AddParameter): Name = "Arrow Price/Stock"; Value = "https://www.arrow.com/en/products/c503b-gan-cb0f0791/cree"; VariantName = "[No Variations]"
Add component (AddParameter): Name = "Datasheet Link"; Value = "https://www.cree.com/led-components/media/documents/1300-C503B-BAS-BAN-GAS-GAN.pdf"; VariantName = "[No Variations]"
Add component (AddParameter): Name = "Height"; Value = "10.55mm"; VariantName = "[No Variations]"
Add component (AddParameter): Name = "Manufacturer_Name"; Value = "Wolfspeed"; VariantName = "[No Variations]"
Add component (AddParameter): Name = "Manufacturer_Part_Number"; Value = "C503B-GAN-CB0F0791"; VariantName = "[No Variations]"
Add component (AddParameter): Name = "Mouser Part Number"; Value = "941-C503BGANCB0F0791"; VariantName = "[No Variations]"
Add component (AddParameter): Name = "Mouser Price/Stock"; Value = "https://www.mouser.co.uk/ProductDetail/Cree-LED/C503B-GAN-CB0F0791?qs=UHyCXFkX5Ey%252ByHW9bNI8Ew%3D%3D"; VariantName = "[No Variations]"
Added Component: Designator=LED8(151051YS04000)
Add component (AddParameter): Name = "Arrow Part Number"; Value = ""; VariantName = "[No Variations]"
Add component (AddParameter): Name = "Arrow Price/Stock"; Value = ""; VariantName = "[No Variations]"
Add component (AddParameter): Name = "Datasheet Link"; Value = "https://katalog.we-online.de/led/datasheet/151051YS04000.pdf"; VariantName = "[No Variations]"
Add component (AddParameter): Name = "Height"; Value = "8.95mm"; VariantName = "[No Variations]"
Add component (AddParameter): Name = "Manufacturer_Name"; Value = "Wurth Elektronik"; VariantName = "[No Variations]"
Add component (AddParameter): Name = "Manufacturer_Part_Number"; Value = "151051YS04000"; VariantName = "[No Variations]"
Add component (AddParameter): Name = "Mouser Part Number"; Value = "710-151051YS04000"; VariantName = "[No Variations]"
Add component (AddParameter): Name = "Mouser Price/Stock"; Value = "https://www.mouser.co.uk/ProductDetail/Wurth-Elektronik/151051YS04000?qs=LlUlMxKIyB0Q49NwiX6stg%3D%3D"; VariantName = "[No Variations]"
Added Component: Designator=LED9(151051YS04000)
Add component (AddParameter): Name = "Arrow Part Number"; Value = ""; VariantName = "[No Variations]"
Add component (AddParameter): Name = "Arrow Price/Stock"; Value = ""; VariantName = "[No Variations]"
Add component (AddParameter): Name = "Datasheet Link"; Value = "https://katalog.we-online.de/led/datasheet/151051YS04000.pdf"; VariantName = "[No Variations]"
Add component (AddParameter): Name = "Height"; Value = "8.95mm"; VariantName = "[No Variations]"
Add component (AddParameter): Name = "Manufacturer_Name"; Value = "Wurth Elektronik"; VariantName = "[No Variations]"
Add component (AddParameter): Name = "Manufacturer_Part_Number"; Value = "151051YS04000"; VariantName = "[No Variations]"
Add component (AddParameter): Name = "Mouser Part Number"; Value = "710-151051YS04000"; VariantName = "[No Variations]"
Add component (AddParameter): Name = "Mouser Price/Stock"; Value = "https://www.mouser.co.uk/ProductDetail/Wurth-Elektronik/151051YS04000?qs=LlUlMxKIyB0Q49NwiX6stg%3D%3D"; VariantName = "[No Variations]"
Added Component: Designator=LED10(C503BRCNCW0Z0AA2)
Add component (AddParameter): Name = "Arrow Part Number"; Value = "C503B-RCN-CW0Z0AA2"; VariantName = "[No Variations]"
Add component (AddParameter): Name = "Arrow Price/Stock"; Value = "https://www.arrow.com/en/products/c503b-rcn-cw0z0aa2/cree-led?region=nac"; VariantName = "[No Variations]"
Add component (AddParameter): Name = "Datasheet Link"; Value = "https://www.cree.com/led-components/media/documents/C503B-RAS-RAN-AAS-AAN-RBS-RBN-ABS-ABN-RCS-RCN-ACS-ACN-1079.pdf"; VariantName = "[No Variations]"
Add component (AddParameter): Name = "Height"; Value = "10.3mm"; VariantName = "[No Variations]"
Add component (AddParameter): Name = "Manufacturer_Name"; Value = "Wolfspeed"; VariantName = "[No Variations]"
Add component (AddParameter): Name = "Manufacturer_Part_Number"; Value = "C503B-RCN-CW0Z0AA2"; VariantName = "[No Variations]"
Add component (AddParameter): Name = "Mouser Part Number"; Value = "941-C503BRCNCW0Z0AA2"; VariantName = "[No Variations]"
Add component (AddParameter): Name = "Mouser Price/Stock"; Value = "https://www.mouser.co.uk/ProductDetail/Cree-LED/C503B-RCN-CW0Z0AA2?qs=D3QG1iK7Fqi9NpEpLN2Agw%3D%3D"; VariantName = "[No Variations]"
Added Component: Designator=R1(RESAD1550W58L630D230)
Add component (AddParameter): Name = "Datasheet Link"; Value = ""; VariantName = "[No Variations]"
Add component (AddParameter): Name = "Manufacturer_Name"; Value = "RS Components"; VariantName = "[No Variations]"
Add component (AddParameter): Name = "Manufacturer_Part_Number"; Value = "RS-Carbon-1k-5%-0.25W"; VariantName = "[No Variations]"
Add component (AddParameter): Name = "RS Part Number"; Value = "7397459"; VariantName = "[No Variations]"
Add component (AddParameter): Name = "RS Price/Stock"; Value = "https://uk.rs-online.com/web/p/products/7397459"; VariantName = "[No Variations]"
Added Component: Designator=R2(RESAD1550W58L630D230)
Add component (AddParameter): Name = "Datasheet Link"; Value = ""; VariantName = "[No Variations]"
Add component (AddParameter): Name = "Manufacturer_Name"; Value = "RS Components"; VariantName = "[No Variations]"
Add component (AddParameter): Name = "Manufacturer_Part_Number"; Value = "RS-Carbon-1k-5%-0.25W"; VariantName = "[No Variations]"
Add component (AddParameter): Name = "RS Part Number"; Value = "7397459"; VariantName = "[No Variations]"
Add component (AddParameter): Name = "RS Price/Stock"; Value = "https://uk.rs-online.com/web/p/products/7397459"; VariantName = "[No Variations]"
Added Component: Designator=R3(RESAD1550W58L630D230)
Add component (AddParameter): Name = "Datasheet Link"; Value = ""; VariantName = "[No Variations]"
Add component (AddParameter): Name = "Manufacturer_Name"; Value = "RS Components"; VariantName = "[No Variations]"
Add component (AddParameter): Name = "Manufacturer_Part_Number"; Value = "RS-Carbon-1k-5%-0.25W"; VariantName = "[No Variations]"
Add component (AddParameter): Name = "RS Part Number"; Value = "7397459"; VariantName = "[No Variations]"
Add component (AddParameter): Name = "RS Price/Stock"; Value = "https://uk.rs-online.com/web/p/products/7397459"; VariantName = "[No Variations]"
Added Component: Designator=R4(RESAD1550W58L630D230)
Add component (AddParameter): Name = "Datasheet Link"; Value = ""; VariantName = "[No Variations]"
Add component (AddParameter): Name = "Manufacturer_Name"; Value = "RS Components"; VariantName = "[No Variations]"
Add component (AddParameter): Name = "Manufacturer_Part_Number"; Value = "RS-Carbon-1k-5%-0.25W"; VariantName = "[No Variations]"
Add component (AddParameter): Name = "RS Part Number"; Value = "7397459"; VariantName = "[No Variations]"
Add component (AddParameter): Name = "RS Price/Stock"; Value = "https://uk.rs-online.com/web/p/products/7397459"; VariantName = "[No Variations]"
Added Component: Designator=R5(RESAD1550W58L630D230)
Add component (AddParameter): Name = "Datasheet Link"; Value = ""; VariantName = "[No Variations]"
Add component (AddParameter): Name = "Manufacturer_Name"; Value = "RS Components"; VariantName = "[No Variations]"
Add component (AddParameter): Name = "Manufacturer_Part_Number"; Value = "RS-Carbon-1k-5%-0.25W"; VariantName = "[No Variations]"
Add component (AddParameter): Name = "RS Part Number"; Value = "7397459"; VariantName = "[No Variations]"
Add component (AddParameter): Name = "RS Price/Stock"; Value = "https://uk.rs-online.com/web/p/products/7397459"; VariantName = "[No Variations]"
Added Component: Designator=R6(RESAD1550W58L630D230)
Add component (AddParameter): Name = "Datasheet Link"; Value = ""; VariantName = "[No Variations]"
Add component (AddParameter): Name = "Manufacturer_Name"; Value = "RS Components"; VariantName = "[No Variations]"
Add component (AddParameter): Name = "Manufacturer_Part_Number"; Value = "RS-Carbon-1k-5%-0.25W"; VariantName = "[No Variations]"
Add component (AddParameter): Name = "RS Part Number"; Value = "7397459"; VariantName = "[No Variations]"
Add component (AddParameter): Name = "RS Price/Stock"; Value = "https://uk.rs-online.com/web/p/products/7397459"; VariantName = "[No Variations]"
Added Component: Designator=R7(PTV09A4020FB103)
Add component (AddParameter): Name = "Allied_Number"; Value = "71279417"; VariantName = "[No Variations]"
Add component (AddParameter): Name = "Datasheet Link"; Value = "http://uk.rs-online.com/web/p/products/8274990P"; VariantName = "[No Variations]"
Add component (AddParameter): Name = "Height"; Value = "20mm"; VariantName = "[No Variations]"
Add component (AddParameter): Name = "Manufacturer_Name"; Value = "Bourns"; VariantName = "[No Variations]"
Add component (AddParameter): Name = "Manufacturer_Part_Number"; Value = "PTV09A-4225F-B103"; VariantName = "[No Variations]"
Add component (AddParameter): Name = "RS Part Number"; Value = "8274990P"; VariantName = "[No Variations]"
Add component (AddParameter): Name = "RS Price/Stock"; Value = "http://uk.rs-online.com/web/p/products/8274990P"; VariantName = "[No Variations]"
Added Component: Designator=R8(RESAD1550W58L630D230)
Add component (AddParameter): Name = "Datasheet Link"; Value = ""; VariantName = "[No Variations]"
Add component (AddParameter): Name = "Manufacturer_Name"; Value = "RS Components"; VariantName = "[No Variations]"
Add component (AddParameter): Name = "Manufacturer_Part_Number"; Value = "RS-Carbon-1k-5%-0.25W"; VariantName = "[No Variations]"
Add component (AddParameter): Name = "RS Part Number"; Value = "7397459"; VariantName = "[No Variations]"
Add component (AddParameter): Name = "RS Price/Stock"; Value = "https://uk.rs-online.com/web/p/products/7397459"; VariantName = "[No Variations]"
Added Component: Designator=R9(RESAD1550W58L630D230)
Add component (AddParameter): Name = "Datasheet Link"; Value = ""; VariantName = "[No Variations]"
Add component (AddParameter): Name = "Manufacturer_Name"; Value = "RS Components"; VariantName = "[No Variations]"
Add component (AddParameter): Name = "Manufacturer_Part_Number"; Value = "RS-Carbon-1k-5%-0.25W"; VariantName = "[No Variations]"
Add component (AddParameter): Name = "RS Part Number"; Value = "7397459"; VariantName = "[No Variations]"
Add component (AddParameter): Name = "RS Price/Stock"; Value = "https://uk.rs-online.com/web/p/products/7397459"; VariantName = "[No Variations]"
Added Component: Designator=R10(RESAD1550W58L630D230)
Add component (AddParameter): Name = "Datasheet Link"; Value = ""; VariantName = "[No Variations]"
Add component (AddParameter): Name = "Manufacturer_Name"; Value = "RS Components"; VariantName = "[No Variations]"
Add component (AddParameter): Name = "Manufacturer_Part_Number"; Value = "RS-Carbon-1k-5%-0.25W"; VariantName = "[No Variations]"
Add component (AddParameter): Name = "RS Part Number"; Value = "7397459"; VariantName = "[No Variations]"
Add component (AddParameter): Name = "RS Price/Stock"; Value = "https://uk.rs-online.com/web/p/products/7397459"; VariantName = "[No Variations]"
Added Component: Designator=R11(RESAD1550W58L630D230)
Add component (AddParameter): Name = "Datasheet Link"; Value = ""; VariantName = "[No Variations]"
Add component (AddParameter): Name = "Manufacturer_Name"; Value = "RS Components"; VariantName = "[No Variations]"
Add component (AddParameter): Name = "Manufacturer_Part_Number"; Value = "RS-Carbon-1k-5%-0.25W"; VariantName = "[No Variations]"
Add component (AddParameter): Name = "RS Part Number"; Value = "7397459"; VariantName = "[No Variations]"
Add component (AddParameter): Name = "RS Price/Stock"; Value = "https://uk.rs-online.com/web/p/products/7397459"; VariantName = "[No Variations]"
Added Component: Designator=R12(RESAD1550W58L630D230)
Add component (AddParameter): Name = "Datasheet Link"; Value = ""; VariantName = "[No Variations]"
Add component (AddParameter): Name = "Manufacturer_Name"; Value = "RS Components"; VariantName = "[No Variations]"
Add component (AddParameter): Name = "Manufacturer_Part_Number"; Value = "RS-Carbon-1k-5%-0.25W"; VariantName = "[No Variations]"
Add component (AddParameter): Name = "RS Part Number"; Value = "7397459"; VariantName = "[No Variations]"
Add component (AddParameter): Name = "RS Price/Stock"; Value = "https://uk.rs-online.com/web/p/products/7397459"; VariantName = "[No Variations]"
Added Component: Designator=R13(RESAD1550W58L630D230)
Add component (AddParameter): Name = "Datasheet Link"; Value = ""; VariantName = "[No Variations]"
Add component (AddParameter): Name = "Manufacturer_Name"; Value = "RS Components"; VariantName = "[No Variations]"
Add component (AddParameter): Name = "Manufacturer_Part_Number"; Value = "RS-Carbon-1k-5%-0.25W"; VariantName = "[No Variations]"
Add component (AddParameter): Name = "RS Part Number"; Value = "7397459"; VariantName = "[No Variations]"
Add component (AddParameter): Name = "RS Price/Stock"; Value = "https://uk.rs-online.com/web/p/products/7397459"; VariantName = "[No Variations]"
Added Component: Designator=R14(RESAD1550W58L630D230)
Add component (AddParameter): Name = "Datasheet Link"; Value = ""; VariantName = "[No Variations]"
Add component (AddParameter): Name = "Manufacturer_Name"; Value = "RS Components"; VariantName = "[No Variations]"
Add component (AddParameter): Name = "Manufacturer_Part_Number"; Value = "RS-Carbon-1k-5%-0.25W"; VariantName = "[No Variations]"
Add component (AddParameter): Name = "RS Part Number"; Value = "7397459"; VariantName = "[No Variations]"
Add component (AddParameter): Name = "RS Price/Stock"; Value = "https://uk.rs-online.com/web/p/products/7397459"; VariantName = "[No Variations]"
Added Component: Designator=S1(TS026655BK160LCRD)
Add component (AddParameter): Name = "Arrow Part Number"; Value = "TS02-66-55-BK-160-LCR-D"; VariantName = "[No Variations]"
Add component (AddParameter): Name = "Arrow Price/Stock"; Value = "https://www.arrow.com/en/products/ts02-66-55-bk-160-lcr-d/cui-devices?region=nac"; VariantName = "[No Variations]"
Add component (AddParameter): Name = "Datasheet Link"; Value = "https://www.cuidevices.com/product/resource/ts02.pdf"; VariantName = "[No Variations]"
Add component (AddParameter): Name = "Height"; Value = "5.7mm"; VariantName = "[No Variations]"
Add component (AddParameter): Name = "Manufacturer_Name"; Value = "CUI Devices"; VariantName = "[No Variations]"
Add component (AddParameter): Name = "Manufacturer_Part_Number"; Value = "TS02-66-55-BK-160-LCR-D"; VariantName = "[No Variations]"
Add component (AddParameter): Name = "Mouser Part Number"; Value = "179-TS026655BK160LCR"; VariantName = "[No Variations]"
Add component (AddParameter): Name = "Mouser Price/Stock"; Value = "https://www.mouser.co.uk/ProductDetail/CUI-Devices/TS02-66-55-BK-160-LCR-D?qs=A6eO%252BMLsxmRHvFZWtBPtJQ%3D%3D"; VariantName = "[No Variations]"
Added Component: Designator=S2(TS026655BK160LCRD)
Add component (AddParameter): Name = "Arrow Part Number"; Value = "TS02-66-55-BK-160-LCR-D"; VariantName = "[No Variations]"
Add component (AddParameter): Name = "Arrow Price/Stock"; Value = "https://www.arrow.com/en/products/ts02-66-55-bk-160-lcr-d/cui-devices?region=nac"; VariantName = "[No Variations]"
Add component (AddParameter): Name = "Datasheet Link"; Value = "https://www.cuidevices.com/product/resource/ts02.pdf"; VariantName = "[No Variations]"
Add component (AddParameter): Name = "Height"; Value = "5.7mm"; VariantName = "[No Variations]"
Add component (AddParameter): Name = "Manufacturer_Name"; Value = "CUI Devices"; VariantName = "[No Variations]"
Add component (AddParameter): Name = "Manufacturer_Part_Number"; Value = "TS02-66-55-BK-160-LCR-D"; VariantName = "[No Variations]"
Add component (AddParameter): Name = "Mouser Part Number"; Value = "179-TS026655BK160LCR"; VariantName = "[No Variations]"
Add component (AddParameter): Name = "Mouser Price/Stock"; Value = "https://www.mouser.co.uk/ProductDetail/CUI-Devices/TS02-66-55-BK-160-LCR-D?qs=A6eO%252BMLsxmRHvFZWtBPtJQ%3D%3D"; VariantName = "[No Variations]"
Added Component: Designator=S3(TS026655BK160LCRD)
Add component (AddParameter): Name = "Arrow Part Number"; Value = "TS02-66-55-BK-160-LCR-D"; VariantName = "[No Variations]"
Add component (AddParameter): Name = "Arrow Price/Stock"; Value = "https://www.arrow.com/en/products/ts02-66-55-bk-160-lcr-d/cui-devices?region=nac"; VariantName = "[No Variations]"
Add component (AddParameter): Name = "Datasheet Link"; Value = "https://www.cuidevices.com/product/resource/ts02.pdf"; VariantName = "[No Variations]"
Add component (AddParameter): Name = "Height"; Value = "5.7mm"; VariantName = "[No Variations]"
Add component (AddParameter): Name = "Manufacturer_Name"; Value = "CUI Devices"; VariantName = "[No Variations]"
Add component (AddParameter): Name = "Manufacturer_Part_Number"; Value = "TS02-66-55-BK-160-LCR-D"; VariantName = "[No Variations]"
Add component (AddParameter): Name = "Mouser Part Number"; Value = "179-TS026655BK160LCR"; VariantName = "[No Variations]"
Add component (AddParameter): Name = "Mouser Price/Stock"; Value = "https://www.mouser.co.uk/ProductDetail/CUI-Devices/TS02-66-55-BK-160-LCR-D?qs=A6eO%252BMLsxmRHvFZWtBPtJQ%3D%3D"; VariantName = "[No Variations]"
Added Pin To Net: NetName=MUX_CH4 Pin=IC1-1
Added Pin To Net: NetName=MUX_CH6 Pin=IC1-2
Added Pin To Net: NetName=+5 Pin=IC1-3
Added Pin To Net: NetName=MUX_CH7 Pin=IC1-4
Added Pin To Net: NetName=MUX_CH5 Pin=IC1-5
Added Pin To Net: NetName=MUX_INH Pin=IC1-6
Added Pin To Net: NetName=GND Pin=IC1-7
Added Pin To Net: NetName=GND Pin=IC1-8
Added Pin To Net: NetName=MUX_C Pin=IC1-9
Added Pin To Net: NetName=MUX_B Pin=IC1-10
Added Pin To Net: NetName=MUX_A Pin=IC1-11
Added Pin To Net: NetName=MUX_CH3 Pin=IC1-12
Added Pin To Net: NetName=MUX_CH0 Pin=IC1-13
Added Pin To Net: NetName=MUX_CH1 Pin=IC1-14
Added Pin To Net: NetName=MUX_CH2 Pin=IC1-15
Added Pin To Net: NetName=+5 Pin=IC1-16
Added Pin To Net: NetName=+3.3 Pin=J1-1
Added Pin To Net: NetName=POT Pin=J1-2
Added Pin To Net: NetName=LED_MODE_1 Pin=J1-8
Added Pin To Net: NetName=LED_MODE_2 Pin=J1-9
Added Pin To Net: NetName=LED_MODE_3 Pin=J1-10
Added Pin To Net: NetName=+5 Pin=J2-1
Added Pin To Net: NetName=GND Pin=J2-2
Added Pin To Net: NetName=GND Pin=J3-1
Added Pin To Net: NetName=SERVO Pin=J3-2
Added Pin To Net: NetName=MUX_INH Pin=J3-3
Added Pin To Net: NetName=MUX_A Pin=J3-4
Added Pin To Net: NetName=MUX_B Pin=J3-6
Added Pin To Net: NetName=MUX_C Pin=J3-7
Added Pin To Net: NetName=MODE_BTN_1 Pin=J3-8
Added Pin To Net: NetName=MODE_BTN_2 Pin=J3-9
Added Pin To Net: NetName=MODE_BTN_3 Pin=J3-10
Added Pin To Net: NetName=+5 Pin=J4-1
Added Pin To Net: NetName=SERVO Pin=J4-2
Added Pin To Net: NetName=GND Pin=J4-3
Added Pin To Net: NetName=LED_MODE_1 Pin=LED1-1
Added Pin To Net: NetName=NetLED1_2 Pin=LED1-2
Added Pin To Net: NetName=LED_MODE_2 Pin=LED2-1
Added Pin To Net: NetName=NetLED2_2 Pin=LED2-2
Added Pin To Net: NetName=LED_MODE_3 Pin=LED3-1
Added Pin To Net: NetName=NetLED3_2 Pin=LED3-2
Added Pin To Net: NetName=MUX_CH0 Pin=LED4-1
Added Pin To Net: NetName=NetLED4_2 Pin=LED4-2
Added Pin To Net: NetName=NetLED5_1 Pin=LED5-1
Added Pin To Net: NetName=MUX_CH1 Pin=LED5-2
Added Pin To Net: NetName=NetLED6_1 Pin=LED6-1
Added Pin To Net: NetName=MUX_CH2 Pin=LED6-2
Added Pin To Net: NetName=MUX_CH3 Pin=LED7-1
Added Pin To Net: NetName=NetLED7_2 Pin=LED7-2
Added Pin To Net: NetName=NetLED8_1 Pin=LED8-1
Added Pin To Net: NetName=MUX_CH4 Pin=LED8-2
Added Pin To Net: NetName=NetLED9_1 Pin=LED9-1
Added Pin To Net: NetName=MUX_CH5 Pin=LED9-2
Added Pin To Net: NetName=MUX_CH6 Pin=LED10-1
Added Pin To Net: NetName=NetLED10_2 Pin=LED10-2
Added Pin To Net: NetName=GND Pin=R1-1
Added Pin To Net: NetName=NetR1_2 Pin=R1-2
Added Pin To Net: NetName=GND Pin=R2-1
Added Pin To Net: NetName=NetR2_2 Pin=R2-2
Added Pin To Net: NetName=GND Pin=R3-1
Added Pin To Net: NetName=NetLED1_2 Pin=R3-2
Added Pin To Net: NetName=GND Pin=R4-1
Added Pin To Net: NetName=NetLED2_2 Pin=R4-2
Added Pin To Net: NetName=GND Pin=R5-1
Added Pin To Net: NetName=NetLED3_2 Pin=R5-2
Added Pin To Net: NetName=GND Pin=R6-1
Added Pin To Net: NetName=NetR6_2 Pin=R6-2
Added Pin To Net: NetName=+3.3 Pin=R7-1
Added Pin To Net: NetName=POT Pin=R7-2
Added Pin To Net: NetName=GND Pin=R7-3
Added Pin To Net: NetName=GND Pin=R7-4
Added Pin To Net: NetName=GND Pin=R7-5
Added Pin To Net: NetName=GND Pin=R8-1
Added Pin To Net: NetName=NetLED4_2 Pin=R8-2
Added Pin To Net: NetName=GND Pin=R9-1
Added Pin To Net: NetName=NetLED5_1 Pin=R9-2
Added Pin To Net: NetName=GND Pin=R10-1
Added Pin To Net: NetName=NetLED6_1 Pin=R10-2
Added Pin To Net: NetName=GND Pin=R11-1
Added Pin To Net: NetName=NetLED7_2 Pin=R11-2
Added Pin To Net: NetName=GND Pin=R12-1
Added Pin To Net: NetName=NetLED8_1 Pin=R12-2
Added Pin To Net: NetName=GND Pin=R13-1
Added Pin To Net: NetName=NetLED9_1 Pin=R13-2
Added Pin To Net: NetName=GND Pin=R14-1
Added Pin To Net: NetName=NetLED10_2 Pin=R14-2
Added Pin To Net: NetName=+3.3 Pin=S1-1
Added Pin To Net: NetName=MODE_BTN_1 Pin=S1-3
Added Pin To Net: NetName=NetR1_2 Pin=S1-4
Added Pin To Net: NetName=+3.3 Pin=S2-1
Added Pin To Net: NetName=MODE_BTN_2 Pin=S2-3
Added Pin To Net: NetName=NetR2_2 Pin=S2-4
Added Pin To Net: NetName=+3.3 Pin=S3-1
Added Pin To Net: NetName=MODE_BTN_3 Pin=S3-3
Added Pin To Net: NetName=NetR6_2 Pin=S3-4
Added Member To Class: ClassName=EE318 Member=Component IC1 CD4051BE
Added Member To Class: ClassName=EE318 Member=Component J1 61301011821
Added Member To Class: ClassName=EE318 Member=Component J2 801-87-002-10-001101
Added Member To Class: ClassName=EE318 Member=Component J3 61301011821
Added Member To Class: ClassName=EE318 Member=Component J4 10129379-903003BLF
Added Member To Class: ClassName=EE318 Member=Component J5 861400041LO1705LF
Added Member To Class: ClassName=EE318 Member=Component LED1 RED
Added Member To Class: ClassName=EE318 Member=Component LED2 RED
Added Member To Class: ClassName=EE318 Member=Component LED3 RED
Added Member To Class: ClassName=EE318 Member=Component LED4 RED
Added Member To Class: ClassName=EE318 Member=Component LED5 YELLOW
Added Member To Class: ClassName=EE318 Member=Component LED6 YELLOW
Added Member To Class: ClassName=EE318 Member=Component LED7 GREEN
Added Member To Class: ClassName=EE318 Member=Component LED8 YELLOW
Added Member To Class: ClassName=EE318 Member=Component LED9 YELLOW
Added Member To Class: ClassName=EE318 Member=Component LED10 RED
Added Member To Class: ClassName=EE318 Member=Component R1 220R
Added Member To Class: ClassName=EE318 Member=Component R2 220R
Added Member To Class: ClassName=EE318 Member=Component R3 220R
Added Member To Class: ClassName=EE318 Member=Component R4 220R
Added Member To Class: ClassName=EE318 Member=Component R5 10k
Added Member To Class: ClassName=EE318 Member=Component R6 220R
Added Member To Class: ClassName=EE318 Member=Component R7 PTV09A-4225F-B103
Added Member To Class: ClassName=EE318 Member=Component R8 220R
Added Member To Class: ClassName=EE318 Member=Component R9 220R
Added Member To Class: ClassName=EE318 Member=Component R10 220R
Added Member To Class: ClassName=EE318 Member=Component R11 220R
Added Member To Class: ClassName=EE318 Member=Component R12 220R
Added Member To Class: ClassName=EE318 Member=Component R13 220R
Added Member To Class: ClassName=EE318 Member=Component R14 220R
Added Member To Class: ClassName=EE318 Member=Component S1 TS02-66-55-BK-160-LCR-D
Added Member To Class: ClassName=EE318 Member=Component S2 TS02-66-55-BK-160-LCR-D
Added Member To Class: ClassName=EE318 Member=Component S3 TS02-66-55-BK-160-LCR-D
Added Room: Name=EE318
