Change Component Designator: OldDesignator=R? NewDesignator=R1
Change Component Designator: OldDesignator=R? NewDesignator=R2
Change Component Designator: OldDesignator=R? NewDesignator=R3
Change Component Designator: OldDesignator=R? NewDesignator=R4
Change Component Designator: OldDesignator=R? NewDesignator=R5
Change Component Designator: OldDesignator=R? NewDesignator=R6
Change Component Designator: OldDesignator=R? NewDesignator=R8
Change Component Designator: OldDesignator=R? NewDesignator=R9
Change Component Designator: OldDesignator=R? NewDesignator=R10
Change Component Designator: OldDesignator=R? NewDesignator=R11
Change Component Designator: OldDesignator=R? NewDesignator=R12
Change Component Designator: OldDesignator=R? NewDesignator=R13
Change Component Designator: OldDesignator=R? NewDesignator=R14
Change Net Name : Old Net Name=NetR?_2 New Net Name=NetR2_2
Added Pin To Net: NetName=NetR1_2 Pin=R1-2
Added Pin To Net: NetName=NetR1_2 Pin=S1-4
Added Net: Name=NetR1_2
Added Pin To Net: NetName=NetR6_2 Pin=R6-2
Added Pin To Net: NetName=NetR6_2 Pin=S3-4
Added Net: Name=NetR6_2
Added Member To Class: ClassName=EE318 Member=Component R1 10k
Added Member To Class: ClassName=EE318 Member=Component R2 10k
Added Member To Class: ClassName=EE318 Member=Component R3 220R
Added Member To Class: ClassName=EE318 Member=Component R4 220R
Added Member To Class: ClassName=EE318 Member=Component R5 220R
Added Member To Class: ClassName=EE318 Member=Component R6 10k
Added Member To Class: ClassName=EE318 Member=Component R8 220R
Added Member To Class: ClassName=EE318 Member=Component R9 220R
Added Member To Class: ClassName=EE318 Member=Component R10 220R
Added Member To Class: ClassName=EE318 Member=Component R12 220R
Added Member To Class: ClassName=EE318 Member=Component R13 220R
Added Member To Class: ClassName=EE318 Member=Component R14 220R
Added Room: Name=EE318
