Added Component: Designator=B1(DIP794W53P254L1930H508Q16N)
Add component (AddParameter): Name = "Datasheet Link"; Value = "http://www.ti.com/lit/ds/symlink/cd4051b.pdf"; VariantName = "[No Variations]"
Add component (AddParameter): Name = "Geometry.Height"; Value = "5.08mm"; VariantName = "[No Variations]"
Add component (AddParameter): Name = "Manufacturer_Name"; Value = "Texas Instruments"; VariantName = "[No Variations]"
Add component (AddParameter): Name = "Manufacturer_Part_Number"; Value = "CD4051BE"; VariantName = "[No Variations]"
Add component (AddParameter): Name = "Mouser Part Number"; Value = "595-CD4051BE"; VariantName = "[No Variations]"
Add component (AddParameter): Name = "Mouser Price/Stock"; Value = "https://www.mouser.co.uk/ProductDetail/Texas-Instruments/CD4051BE?qs=q2XTDbzbm6DxulBsMcV7tA%3D%3D"; VariantName = "[No Variations]"
Added Component: Designator=D1(C503BRCNCW0Z0AA2)
Add component (AddParameter): Name = "Datasheet Link"; Value = "https://www.cree.com/led-components/media/documents/C503B-RAS-RAN-AAS-AAN-RBS-RBN-ABS-ABN-RCS-RCN-ACS-ACN-1079.pdf"; VariantName = "[No Variations]"
Add component (AddParameter): Name = "Geometry.Height"; Value = "10.3mm"; VariantName = "[No Variations]"
Add component (AddParameter): Name = "Manufacturer_Name"; Value = "Wolfspeed"; VariantName = "[No Variations]"
Add component (AddParameter): Name = "Manufacturer_Part_Number"; Value = "C503B-RCN-CW0Z0AA2"; VariantName = "[No Variations]"
Add component (AddParameter): Name = "Mouser Part Number"; Value = "941-C503BRCNCW0Z0AA2"; VariantName = "[No Variations]"
Add component (AddParameter): Name = "Mouser Price/Stock"; Value = "https://www.mouser.co.uk/ProductDetail/Cree-LED/C503B-RCN-CW0Z0AA2?qs=D3QG1iK7Fqi9NpEpLN2Agw%3D%3D"; VariantName = "[No Variations]"
Added Component: Designator=D2(C503BRCNCW0Z0AA2)
Add component (AddParameter): Name = "Datasheet Link"; Value = "https://www.cree.com/led-components/media/documents/C503B-RAS-RAN-AAS-AAN-RBS-RBN-ABS-ABN-RCS-RCN-ACS-ACN-1079.pdf"; VariantName = "[No Variations]"
Add component (AddParameter): Name = "Geometry.Height"; Value = "10.3mm"; VariantName = "[No Variations]"
Add component (AddParameter): Name = "Manufacturer_Name"; Value = "Wolfspeed"; VariantName = "[No Variations]"
Add component (AddParameter): Name = "Manufacturer_Part_Number"; Value = "C503B-RCN-CW0Z0AA2"; VariantName = "[No Variations]"
Add component (AddParameter): Name = "Mouser Part Number"; Value = "941-C503BRCNCW0Z0AA2"; VariantName = "[No Variations]"
Add component (AddParameter): Name = "Mouser Price/Stock"; Value = "https://www.mouser.co.uk/ProductDetail/Cree-LED/C503B-RCN-CW0Z0AA2?qs=D3QG1iK7Fqi9NpEpLN2Agw%3D%3D"; VariantName = "[No Variations]"
Added Component: Designator=D3(C503BRCNCW0Z0AA2)
Add component (AddParameter): Name = "Datasheet Link"; Value = "https://www.cree.com/led-components/media/documents/C503B-RAS-RAN-AAS-AAN-RBS-RBN-ABS-ABN-RCS-RCN-ACS-ACN-1079.pdf"; VariantName = "[No Variations]"
Add component (AddParameter): Name = "Geometry.Height"; Value = "10.3mm"; VariantName = "[No Variations]"
Add component (AddParameter): Name = "Manufacturer_Name"; Value = "Wolfspeed"; VariantName = "[No Variations]"
Add component (AddParameter): Name = "Manufacturer_Part_Number"; Value = "C503B-RCN-CW0Z0AA2"; VariantName = "[No Variations]"
Add component (AddParameter): Name = "Mouser Part Number"; Value = "941-C503BRCNCW0Z0AA2"; VariantName = "[No Variations]"
Add component (AddParameter): Name = "Mouser Price/Stock"; Value = "https://www.mouser.co.uk/ProductDetail/Cree-LED/C503B-RCN-CW0Z0AA2?qs=D3QG1iK7Fqi9NpEpLN2Agw%3D%3D"; VariantName = "[No Variations]"
Added Component: Designator=D4(C503BRCNCW0Z0AA2)
Add component (AddParameter): Name = "Datasheet Link"; Value = "https://www.cree.com/led-components/media/documents/C503B-RAS-RAN-AAS-AAN-RBS-RBN-ABS-ABN-RCS-RCN-ACS-ACN-1079.pdf"; VariantName = "[No Variations]"
Add component (AddParameter): Name = "Geometry.Height"; Value = "10.3mm"; VariantName = "[No Variations]"
Add component (AddParameter): Name = "Manufacturer_Name"; Value = "Wolfspeed"; VariantName = "[No Variations]"
Add component (AddParameter): Name = "Manufacturer_Part_Number"; Value = "C503B-RCN-CW0Z0AA2"; VariantName = "[No Variations]"
Add component (AddParameter): Name = "Mouser Part Number"; Value = "941-C503BRCNCW0Z0AA2"; VariantName = "[No Variations]"
Add component (AddParameter): Name = "Mouser Price/Stock"; Value = "https://www.mouser.co.uk/ProductDetail/Cree-LED/C503B-RCN-CW0Z0AA2?qs=D3QG1iK7Fqi9NpEpLN2Agw%3D%3D"; VariantName = "[No Variations]"
Added Component: Designator=D5(151051YS04000)
Add component (AddParameter): Name = "Datasheet Link"; Value = "https://katalog.we-online.de/led/datasheet/151051YS04000.pdf"; VariantName = "[No Variations]"
Add component (AddParameter): Name = "Geometry.Height"; Value = "8.95mm"; VariantName = "[No Variations]"
Add component (AddParameter): Name = "Manufacturer_Name"; Value = "Wurth Elektronik"; VariantName = "[No Variations]"
Add component (AddParameter): Name = "Manufacturer_Part_Number"; Value = "151051YS04000"; VariantName = "[No Variations]"
Add component (AddParameter): Name = "Mouser Part Number"; Value = "710-151051YS04000"; VariantName = "[No Variations]"
Add component (AddParameter): Name = "Mouser Price/Stock"; Value = "https://www.mouser.co.uk/ProductDetail/Wurth-Elektronik/151051YS04000?qs=LlUlMxKIyB0Q49NwiX6stg%3D%3D"; VariantName = "[No Variations]"
Added Component: Designator=D6(151051YS04000)
Add component (AddParameter): Name = "Datasheet Link"; Value = "https://katalog.we-online.de/led/datasheet/151051YS04000.pdf"; VariantName = "[No Variations]"
Add component (AddParameter): Name = "Geometry.Height"; Value = "8.95mm"; VariantName = "[No Variations]"
Add component (AddParameter): Name = "Manufacturer_Name"; Value = "Wurth Elektronik"; VariantName = "[No Variations]"
Add component (AddParameter): Name = "Manufacturer_Part_Number"; Value = "151051YS04000"; VariantName = "[No Variations]"
Add component (AddParameter): Name = "Mouser Part Number"; Value = "710-151051YS04000"; VariantName = "[No Variations]"
Add component (AddParameter): Name = "Mouser Price/Stock"; Value = "https://www.mouser.co.uk/ProductDetail/Wurth-Elektronik/151051YS04000?qs=LlUlMxKIyB0Q49NwiX6stg%3D%3D"; VariantName = "[No Variations]"
Added Component: Designator=D7(C503BGANCB0F0791)
Add component (AddParameter): Name = "Datasheet Link"; Value = "https://www.cree.com/led-components/media/documents/1300-C503B-BAS-BAN-GAS-GAN.pdf"; VariantName = "[No Variations]"
Add component (AddParameter): Name = "Geometry.Height"; Value = "10.55mm"; VariantName = "[No Variations]"
Add component (AddParameter): Name = "Manufacturer_Name"; Value = "Wolfspeed"; VariantName = "[No Variations]"
Add component (AddParameter): Name = "Manufacturer_Part_Number"; Value = "C503B-GAN-CB0F0791"; VariantName = "[No Variations]"
Add component (AddParameter): Name = "Mouser Part Number"; Value = "941-C503BGANCB0F0791"; VariantName = "[No Variations]"
Add component (AddParameter): Name = "Mouser Price/Stock"; Value = "https://www.mouser.co.uk/ProductDetail/Cree-LED/C503B-GAN-CB0F0791?qs=UHyCXFkX5Ey%252ByHW9bNI8Ew%3D%3D"; VariantName = "[No Variations]"
Added Component: Designator=D8(151051YS04000)
Add component (AddParameter): Name = "Datasheet Link"; Value = "https://katalog.we-online.de/led/datasheet/151051YS04000.pdf"; VariantName = "[No Variations]"
Add component (AddParameter): Name = "Geometry.Height"; Value = "8.95mm"; VariantName = "[No Variations]"
Add component (AddParameter): Name = "Manufacturer_Name"; Value = "Wurth Elektronik"; VariantName = "[No Variations]"
Add component (AddParameter): Name = "Manufacturer_Part_Number"; Value = "151051YS04000"; VariantName = "[No Variations]"
Add component (AddParameter): Name = "Mouser Part Number"; Value = "710-151051YS04000"; VariantName = "[No Variations]"
Add component (AddParameter): Name = "Mouser Price/Stock"; Value = "https://www.mouser.co.uk/ProductDetail/Wurth-Elektronik/151051YS04000?qs=LlUlMxKIyB0Q49NwiX6stg%3D%3D"; VariantName = "[No Variations]"
Added Component: Designator=D9(151051YS04000)
Add component (AddParameter): Name = "Datasheet Link"; Value = "https://katalog.we-online.de/led/datasheet/151051YS04000.pdf"; VariantName = "[No Variations]"
Add component (AddParameter): Name = "Geometry.Height"; Value = "8.95mm"; VariantName = "[No Variations]"
Add component (AddParameter): Name = "Manufacturer_Name"; Value = "Wurth Elektronik"; VariantName = "[No Variations]"
Add component (AddParameter): Name = "Manufacturer_Part_Number"; Value = "151051YS04000"; VariantName = "[No Variations]"
Add component (AddParameter): Name = "Mouser Part Number"; Value = "710-151051YS04000"; VariantName = "[No Variations]"
Add component (AddParameter): Name = "Mouser Price/Stock"; Value = "https://www.mouser.co.uk/ProductDetail/Wurth-Elektronik/151051YS04000?qs=LlUlMxKIyB0Q49NwiX6stg%3D%3D"; VariantName = "[No Variations]"
Added Component: Designator=D10(C503BRCNCW0Z0AA2)
Add component (AddParameter): Name = "Datasheet Link"; Value = "https://www.cree.com/led-components/media/documents/C503B-RAS-RAN-AAS-AAN-RBS-RBN-ABS-ABN-RCS-RCN-ACS-ACN-1079.pdf"; VariantName = "[No Variations]"
Add component (AddParameter): Name = "Geometry.Height"; Value = "10.3mm"; VariantName = "[No Variations]"
Add component (AddParameter): Name = "Manufacturer_Name"; Value = "Wolfspeed"; VariantName = "[No Variations]"
Add component (AddParameter): Name = "Manufacturer_Part_Number"; Value = "C503B-RCN-CW0Z0AA2"; VariantName = "[No Variations]"
Add component (AddParameter): Name = "Mouser Part Number"; Value = "941-C503BRCNCW0Z0AA2"; VariantName = "[No Variations]"
Add component (AddParameter): Name = "Mouser Price/Stock"; Value = "https://www.mouser.co.uk/ProductDetail/Cree-LED/C503B-RCN-CW0Z0AA2?qs=D3QG1iK7Fqi9NpEpLN2Agw%3D%3D"; VariantName = "[No Variations]"
Added Component: Designator=J1(RHDR10W60P0X254_1X10_2590X250X850P)
Add component (AddParameter): Name = "Datasheet Link"; Value = "http://katalog.we-online.de/em/datasheet/6130xx11821.pdf"; VariantName = "[No Variations]"
Add component (AddParameter): Name = "Geometry.Height"; Value = "8.5mm"; VariantName = "[No Variations]"
Add component (AddParameter): Name = "Manufacturer_Name"; Value = "Wurth Elektronik"; VariantName = "[No Variations]"
Add component (AddParameter): Name = "Manufacturer_Part_Number"; Value = "61301011821"; VariantName = "[No Variations]"
Add component (AddParameter): Name = "Mouser Part Number"; Value = "710-61301011821"; VariantName = "[No Variations]"
Add component (AddParameter): Name = "Mouser Price/Stock"; Value = "https://www.mouser.co.uk/ProductDetail/Wurth-Elektronik/61301011821?qs=W%252B2sBeLta1ZhlLR0YCzonQ%3D%3D"; VariantName = "[No Variations]"
Added Component: Designator=J2(RHDR2W50P0X254_1X2_508X254X420P)
Add component (AddParameter): Name = "Datasheet Link"; Value = "https://www.digikey.sg/product-detail/en/preci-dip/310-83-102-41-001101/310-83-102-41-001101-ND/4095638"; VariantName = "[No Variations]"
Add component (AddParameter): Name = "Geometry.Height"; Value = "4.2mm"; VariantName = "[No Variations]"
Add component (AddParameter): Name = "Manufacturer_Name"; Value = "Preci-Dip"; VariantName = "[No Variations]"
Add component (AddParameter): Name = "Manufacturer_Part_Number"; Value = "310-83-102-41-001101"; VariantName = "[No Variations]"
Add component (AddParameter): Name = "Mouser Part Number"; Value = "437-3108310241001101"; VariantName = "[No Variations]"
Add component (AddParameter): Name = "Mouser Price/Stock"; Value = "https://www.mouser.co.uk/ProductDetail/Preci-dip/310-83-102-41-001101?qs=j%2F3uP2fRwpmEaOSToGfQlA%3D%3D"; VariantName = "[No Variations]"
Added Component: Designator=J3(RHDR10W60P0X254_1X10_2590X250X850P)
Add component (AddParameter): Name = "Datasheet Link"; Value = "http://katalog.we-online.de/em/datasheet/6130xx11821.pdf"; VariantName = "[No Variations]"
Add component (AddParameter): Name = "Geometry.Height"; Value = "8.5mm"; VariantName = "[No Variations]"
Add component (AddParameter): Name = "Manufacturer_Name"; Value = "Wurth Elektronik"; VariantName = "[No Variations]"
Add component (AddParameter): Name = "Manufacturer_Part_Number"; Value = "61301011821"; VariantName = "[No Variations]"
Add component (AddParameter): Name = "Mouser Part Number"; Value = "710-61301011821"; VariantName = "[No Variations]"
Add component (AddParameter): Name = "Mouser Price/Stock"; Value = "https://www.mouser.co.uk/ProductDetail/Wurth-Elektronik/61301011821?qs=W%252B2sBeLta1ZhlLR0YCzonQ%3D%3D"; VariantName = "[No Variations]"
Added Component: Designator=J4(10129379903003BLF)
Add component (AddParameter): Name = "Datasheet Link"; Value = "https://cdn.amphenol-cs.com/media/wysiwyg/files/drawing/10129379.pdf"; VariantName = "[No Variations]"
Add component (AddParameter): Name = "Geometry.Height"; Value = "2.41mm"; VariantName = "[No Variations]"
Add component (AddParameter): Name = "Manufacturer_Name"; Value = "Amphenol Communications Solutions"; VariantName = "[No Variations]"
Add component (AddParameter): Name = "Manufacturer_Part_Number"; Value = "10129379-903003BLF"; VariantName = "[No Variations]"
Add component (AddParameter): Name = "Mouser Part Number"; Value = "649-1012937990303BLF"; VariantName = "[No Variations]"
Add component (AddParameter): Name = "Mouser Price/Stock"; Value = "https://www.mouser.co.uk/ProductDetail/Amphenol-FCI/10129379-903003BLF?qs=0lQeLiL1qya1UBwARe4kTQ%3D%3D"; VariantName = "[No Variations]"
Added Component: Designator=J5(RHDR2W50P0X254_1X2_508X254X420P)
Add component (AddParameter): Name = "Datasheet Link"; Value = "https://www.digikey.sg/product-detail/en/preci-dip/310-83-102-41-001101/310-83-102-41-001101-ND/4095638"; VariantName = "[No Variations]"
Add component (AddParameter): Name = "Geometry.Height"; Value = "4.2mm"; VariantName = "[No Variations]"
Add component (AddParameter): Name = "Manufacturer_Name"; Value = "Preci-Dip"; VariantName = "[No Variations]"
Add component (AddParameter): Name = "Manufacturer_Part_Number"; Value = "310-83-102-41-001101"; VariantName = "[No Variations]"
Add component (AddParameter): Name = "Mouser Part Number"; Value = "437-3108310241001101"; VariantName = "[No Variations]"
Add component (AddParameter): Name = "Mouser Price/Stock"; Value = "https://www.mouser.co.uk/ProductDetail/Preci-dip/310-83-102-41-001101?qs=j%2F3uP2fRwpmEaOSToGfQlA%3D%3D"; VariantName = "[No Variations]"
Added Component: Designator=J6(HDRRA4W63P0X254_1X4_1016X260X264P)
Add component (AddParameter): Name = "Datasheet Link"; Value = "https://cdn.amphenol-cs.com/media/wysiwyg/files/drawing/c-8614-0136.pdf"; VariantName = "[No Variations]"
Add component (AddParameter): Name = "Geometry.Height"; Value = "2.64mm"; VariantName = "[No Variations]"
Add component (AddParameter): Name = "Manufacturer_Name"; Value = "Amphenol Communications Solutions"; VariantName = "[No Variations]"
Add component (AddParameter): Name = "Manufacturer_Part_Number"; Value = "861400041LO1705LF"; VariantName = "[No Variations]"
Add component (AddParameter): Name = "Mouser Part Number"; Value = "649-86140041LO1705LF"; VariantName = "[No Variations]"
Add component (AddParameter): Name = "Mouser Price/Stock"; Value = "https://www.mouser.co.uk/ProductDetail/Amphenol-FCI/861400041LO1705LF?qs=7JiUwvV4mh6qwBpNV5AhhA%3D%3D"; VariantName = "[No Variations]"
Added Component: Designator=R1(RESAD1550W58L630D230)
Add component (AddParameter): Name = "Datasheet Link"; Value = ""; VariantName = "[No Variations]"
Add component (AddParameter): Name = "Manufacturer_Name"; Value = "RS Components"; VariantName = "[No Variations]"
Add component (AddParameter): Name = "Manufacturer_Part_Number"; Value = "RS-Carbon-1k-5%-0.25W"; VariantName = "[No Variations]"
Add component (AddParameter): Name = "RS Part Number"; Value = "7397459"; VariantName = "[No Variations]"
Add component (AddParameter): Name = "RS Price/Stock"; Value = "https://uk.rs-online.com/web/p/products/7397459"; VariantName = "[No Variations]"
Added Component: Designator=R2(RESAD1550W58L630D230)
Add component (AddParameter): Name = "Datasheet Link"; Value = ""; VariantName = "[No Variations]"
Add component (AddParameter): Name = "Manufacturer_Name"; Value = "RS Components"; VariantName = "[No Variations]"
Add component (AddParameter): Name = "Manufacturer_Part_Number"; Value = "RS-Carbon-1k-5%-0.25W"; VariantName = "[No Variations]"
Add component (AddParameter): Name = "RS Part Number"; Value = "7397459"; VariantName = "[No Variations]"
Add component (AddParameter): Name = "RS Price/Stock"; Value = "https://uk.rs-online.com/web/p/products/7397459"; VariantName = "[No Variations]"
Added Component: Designator=R3(RESAD1550W58L630D230)
Add component (AddParameter): Name = "Datasheet Link"; Value = ""; VariantName = "[No Variations]"
Add component (AddParameter): Name = "Manufacturer_Name"; Value = "RS Components"; VariantName = "[No Variations]"
Add component (AddParameter): Name = "Manufacturer_Part_Number"; Value = "RS-Carbon-1k-5%-0.25W"; VariantName = "[No Variations]"
Add component (AddParameter): Name = "RS Part Number"; Value = "7397459"; VariantName = "[No Variations]"
Add component (AddParameter): Name = "RS Price/Stock"; Value = "https://uk.rs-online.com/web/p/products/7397459"; VariantName = "[No Variations]"
Added Component: Designator=R4(RESAD1550W58L630D230)
Add component (AddParameter): Name = "Datasheet Link"; Value = ""; VariantName = "[No Variations]"
Add component (AddParameter): Name = "Manufacturer_Name"; Value = "RS Components"; VariantName = "[No Variations]"
Add component (AddParameter): Name = "Manufacturer_Part_Number"; Value = "RS-Carbon-1k-5%-0.25W"; VariantName = "[No Variations]"
Add component (AddParameter): Name = "RS Part Number"; Value = "7397459"; VariantName = "[No Variations]"
Add component (AddParameter): Name = "RS Price/Stock"; Value = "https://uk.rs-online.com/web/p/products/7397459"; VariantName = "[No Variations]"
Added Component: Designator=R5(RESAD1550W58L630D230)
Add component (AddParameter): Name = "Datasheet Link"; Value = ""; VariantName = "[No Variations]"
Add component (AddParameter): Name = "Manufacturer_Name"; Value = "RS Components"; VariantName = "[No Variations]"
Add component (AddParameter): Name = "Manufacturer_Part_Number"; Value = "RS-Carbon-1k-5%-0.25W"; VariantName = "[No Variations]"
Add component (AddParameter): Name = "RS Part Number"; Value = "7397459"; VariantName = "[No Variations]"
Add component (AddParameter): Name = "RS Price/Stock"; Value = "https://uk.rs-online.com/web/p/products/7397459"; VariantName = "[No Variations]"
Added Component: Designator=R6(RESAD1550W58L630D230)
Add component (AddParameter): Name = "Datasheet Link"; Value = ""; VariantName = "[No Variations]"
Add component (AddParameter): Name = "Manufacturer_Name"; Value = "RS Components"; VariantName = "[No Variations]"
Add component (AddParameter): Name = "Manufacturer_Part_Number"; Value = "RS-Carbon-1k-5%-0.25W"; VariantName = "[No Variations]"
Add component (AddParameter): Name = "RS Part Number"; Value = "7397459"; VariantName = "[No Variations]"
Add component (AddParameter): Name = "RS Price/Stock"; Value = "https://uk.rs-online.com/web/p/products/7397459"; VariantName = "[No Variations]"
Added Component: Designator=R7(PTV09A4020FB103)
Add component (AddParameter): Name = "Allied_Number"; Value = "71279417"; VariantName = "[No Variations]"
Add component (AddParameter): Name = "Datasheet Link"; Value = "http://uk.rs-online.com/web/p/products/8274990P"; VariantName = "[No Variations]"
Add component (AddParameter): Name = "Height"; Value = "20mm"; VariantName = "[No Variations]"
Add component (AddParameter): Name = "Manufacturer_Name"; Value = "Bourns"; VariantName = "[No Variations]"
Add component (AddParameter): Name = "Manufacturer_Part_Number"; Value = "PTV09A-4225F-B103"; VariantName = "[No Variations]"
Add component (AddParameter): Name = "RS Part Number"; Value = "8274990P"; VariantName = "[No Variations]"
Add component (AddParameter): Name = "RS Price/Stock"; Value = "http://uk.rs-online.com/web/p/products/8274990P"; VariantName = "[No Variations]"
Added Component: Designator=R8(RESAD1550W58L630D230)
Add component (AddParameter): Name = "Datasheet Link"; Value = ""; VariantName = "[No Variations]"
Add component (AddParameter): Name = "Manufacturer_Name"; Value = "RS Components"; VariantName = "[No Variations]"
Add component (AddParameter): Name = "Manufacturer_Part_Number"; Value = "RS-Carbon-1k-5%-0.25W"; VariantName = "[No Variations]"
Add component (AddParameter): Name = "RS Part Number"; Value = "7397459"; VariantName = "[No Variations]"
Add component (AddParameter): Name = "RS Price/Stock"; Value = "https://uk.rs-online.com/web/p/products/7397459"; VariantName = "[No Variations]"
Added Component: Designator=R9(RESAD1550W58L630D230)
Add component (AddParameter): Name = "Datasheet Link"; Value = ""; VariantName = "[No Variations]"
Add component (AddParameter): Name = "Manufacturer_Name"; Value = "RS Components"; VariantName = "[No Variations]"
Add component (AddParameter): Name = "Manufacturer_Part_Number"; Value = "RS-Carbon-1k-5%-0.25W"; VariantName = "[No Variations]"
Add component (AddParameter): Name = "RS Part Number"; Value = "7397459"; VariantName = "[No Variations]"
Add component (AddParameter): Name = "RS Price/Stock"; Value = "https://uk.rs-online.com/web/p/products/7397459"; VariantName = "[No Variations]"
Added Component: Designator=R10(RESAD1550W58L630D230)
Add component (AddParameter): Name = "Datasheet Link"; Value = ""; VariantName = "[No Variations]"
Add component (AddParameter): Name = "Manufacturer_Name"; Value = "RS Components"; VariantName = "[No Variations]"
Add component (AddParameter): Name = "Manufacturer_Part_Number"; Value = "RS-Carbon-1k-5%-0.25W"; VariantName = "[No Variations]"
Add component (AddParameter): Name = "RS Part Number"; Value = "7397459"; VariantName = "[No Variations]"
Add component (AddParameter): Name = "RS Price/Stock"; Value = "https://uk.rs-online.com/web/p/products/7397459"; VariantName = "[No Variations]"
Added Component: Designator=R11(RESAD1550W58L630D230)
Add component (AddParameter): Name = "Datasheet Link"; Value = ""; VariantName = "[No Variations]"
Add component (AddParameter): Name = "Manufacturer_Name"; Value = "RS Components"; VariantName = "[No Variations]"
Add component (AddParameter): Name = "Manufacturer_Part_Number"; Value = "RS-Carbon-1k-5%-0.25W"; VariantName = "[No Variations]"
Add component (AddParameter): Name = "RS Part Number"; Value = "7397459"; VariantName = "[No Variations]"
Add component (AddParameter): Name = "RS Price/Stock"; Value = "https://uk.rs-online.com/web/p/products/7397459"; VariantName = "[No Variations]"
Added Component: Designator=R12(RESAD1550W58L630D230)
Add component (AddParameter): Name = "Datasheet Link"; Value = ""; VariantName = "[No Variations]"
Add component (AddParameter): Name = "Manufacturer_Name"; Value = "RS Components"; VariantName = "[No Variations]"
Add component (AddParameter): Name = "Manufacturer_Part_Number"; Value = "RS-Carbon-1k-5%-0.25W"; VariantName = "[No Variations]"
Add component (AddParameter): Name = "RS Part Number"; Value = "7397459"; VariantName = "[No Variations]"
Add component (AddParameter): Name = "RS Price/Stock"; Value = "https://uk.rs-online.com/web/p/products/7397459"; VariantName = "[No Variations]"
Added Component: Designator=R13(RESAD1550W58L630D230)
Add component (AddParameter): Name = "Datasheet Link"; Value = ""; VariantName = "[No Variations]"
Add component (AddParameter): Name = "Manufacturer_Name"; Value = "RS Components"; VariantName = "[No Variations]"
Add component (AddParameter): Name = "Manufacturer_Part_Number"; Value = "RS-Carbon-1k-5%-0.25W"; VariantName = "[No Variations]"
Add component (AddParameter): Name = "RS Part Number"; Value = "7397459"; VariantName = "[No Variations]"
Add component (AddParameter): Name = "RS Price/Stock"; Value = "https://uk.rs-online.com/web/p/products/7397459"; VariantName = "[No Variations]"
Added Component: Designator=R14(RESAD1550W58L630D230)
Add component (AddParameter): Name = "Datasheet Link"; Value = ""; VariantName = "[No Variations]"
Add component (AddParameter): Name = "Manufacturer_Name"; Value = "RS Components"; VariantName = "[No Variations]"
Add component (AddParameter): Name = "Manufacturer_Part_Number"; Value = "RS-Carbon-1k-5%-0.25W"; VariantName = "[No Variations]"
Add component (AddParameter): Name = "RS Part Number"; Value = "7397459"; VariantName = "[No Variations]"
Add component (AddParameter): Name = "RS Price/Stock"; Value = "https://uk.rs-online.com/web/p/products/7397459"; VariantName = "[No Variations]"
Added Component: Designator=X1(TS026655BK160LCRD)
Add component (AddParameter): Name = "Datasheet Link"; Value = "https://www.cuidevices.com/product/resource/ts02.pdf"; VariantName = "[No Variations]"
Add component (AddParameter): Name = "Geometry.Height"; Value = "5.7mm"; VariantName = "[No Variations]"
Add component (AddParameter): Name = "Manufacturer_Name"; Value = "CUI Devices"; VariantName = "[No Variations]"
Add component (AddParameter): Name = "Manufacturer_Part_Number"; Value = "TS02-66-55-BK-160-LCR-D"; VariantName = "[No Variations]"
Add component (AddParameter): Name = "Mouser Part Number"; Value = "179-TS026655BK160LCR"; VariantName = "[No Variations]"
Add component (AddParameter): Name = "Mouser Price/Stock"; Value = "https://www.mouser.co.uk/ProductDetail/CUI-Devices/TS02-66-55-BK-160-LCR-D?qs=A6eO%252BMLsxmRHvFZWtBPtJQ%3D%3D"; VariantName = "[No Variations]"
Added Component: Designator=X2(TS026655BK160LCRD)
Add component (AddParameter): Name = "Datasheet Link"; Value = "https://www.cuidevices.com/product/resource/ts02.pdf"; VariantName = "[No Variations]"
Add component (AddParameter): Name = "Geometry.Height"; Value = "5.7mm"; VariantName = "[No Variations]"
Add component (AddParameter): Name = "Manufacturer_Name"; Value = "CUI Devices"; VariantName = "[No Variations]"
Add component (AddParameter): Name = "Manufacturer_Part_Number"; Value = "TS02-66-55-BK-160-LCR-D"; VariantName = "[No Variations]"
Add component (AddParameter): Name = "Mouser Part Number"; Value = "179-TS026655BK160LCR"; VariantName = "[No Variations]"
Add component (AddParameter): Name = "Mouser Price/Stock"; Value = "https://www.mouser.co.uk/ProductDetail/CUI-Devices/TS02-66-55-BK-160-LCR-D?qs=A6eO%252BMLsxmRHvFZWtBPtJQ%3D%3D"; VariantName = "[No Variations]"
Added Component: Designator=X3(TS026655BK160LCRD)
Add component (AddParameter): Name = "Datasheet Link"; Value = "https://www.cuidevices.com/product/resource/ts02.pdf"; VariantName = "[No Variations]"
Add component (AddParameter): Name = "Geometry.Height"; Value = "5.7mm"; VariantName = "[No Variations]"
Add component (AddParameter): Name = "Manufacturer_Name"; Value = "CUI Devices"; VariantName = "[No Variations]"
Add component (AddParameter): Name = "Manufacturer_Part_Number"; Value = "TS02-66-55-BK-160-LCR-D"; VariantName = "[No Variations]"
Add component (AddParameter): Name = "Mouser Part Number"; Value = "179-TS026655BK160LCR"; VariantName = "[No Variations]"
Add component (AddParameter): Name = "Mouser Price/Stock"; Value = "https://www.mouser.co.uk/ProductDetail/CUI-Devices/TS02-66-55-BK-160-LCR-D?qs=A6eO%252BMLsxmRHvFZWtBPtJQ%3D%3D"; VariantName = "[No Variations]"
Added Pin To Net: NetName=+3.3 Pin=J1-1
Added Pin To Net: NetName=+3.3 Pin=R7-1
Added Pin To Net: NetName=+3.3 Pin=X1-1
Added Pin To Net: NetName=+3.3 Pin=X2-1
Added Pin To Net: NetName=+3.3 Pin=X3-1
Added Net: Name=+3.3
Added Pin To Net: NetName=+5 Pin=B1-3
Added Pin To Net: NetName=+5 Pin=B1-16
Added Pin To Net: NetName=+5 Pin=J2-1
Added Pin To Net: NetName=+5 Pin=J4-1
Added Net: Name=+5
Added Pin To Net: NetName=GND Pin=B1-7
Added Pin To Net: NetName=GND Pin=B1-8
Added Pin To Net: NetName=GND Pin=J2-2
Added Pin To Net: NetName=GND Pin=J3-1
Added Pin To Net: NetName=GND Pin=J4-3
Added Pin To Net: NetName=GND Pin=R1-2
Added Pin To Net: NetName=GND Pin=R2-2
Added Pin To Net: NetName=GND Pin=R3-1
Added Pin To Net: NetName=GND Pin=R4-1
Added Pin To Net: NetName=GND Pin=R5-1
Added Pin To Net: NetName=GND Pin=R6-2
Added Pin To Net: NetName=GND Pin=R7-3
Added Pin To Net: NetName=GND Pin=R7-4
Added Pin To Net: NetName=GND Pin=R7-5
Added Pin To Net: NetName=GND Pin=R8-1
Added Pin To Net: NetName=GND Pin=R9-1
Added Pin To Net: NetName=GND Pin=R10-1
Added Pin To Net: NetName=GND Pin=R11-1
Added Pin To Net: NetName=GND Pin=R12-1
Added Pin To Net: NetName=GND Pin=R13-1
Added Pin To Net: NetName=GND Pin=R14-1
Added Net: Name=GND
Added Pin To Net: NetName=LED_MODE_1 Pin=D1-1
Added Pin To Net: NetName=LED_MODE_1 Pin=J1-8
Added Net: Name=LED_MODE_1
Added Pin To Net: NetName=LED_MODE_2 Pin=D2-1
Added Pin To Net: NetName=LED_MODE_2 Pin=J1-9
Added Net: Name=LED_MODE_2
Added Pin To Net: NetName=LED_MODE_3 Pin=D3-1
Added Pin To Net: NetName=LED_MODE_3 Pin=J1-10
Added Net: Name=LED_MODE_3
Added Pin To Net: NetName=MODE_BTN_1 Pin=J3-8
Added Pin To Net: NetName=MODE_BTN_1 Pin=X1-3
Added Net: Name=MODE_BTN_1
Added Pin To Net: NetName=MODE_BTN_2 Pin=J3-9
Added Pin To Net: NetName=MODE_BTN_2 Pin=X2-3
Added Net: Name=MODE_BTN_2
Added Pin To Net: NetName=MODE_BTN_3 Pin=J3-10
Added Pin To Net: NetName=MODE_BTN_3 Pin=X3-3
Added Net: Name=MODE_BTN_3
Added Pin To Net: NetName=MUX_A Pin=B1-11
Added Pin To Net: NetName=MUX_A Pin=J3-4
Added Net: Name=MUX_A
Added Pin To Net: NetName=MUX_B Pin=B1-10
Added Pin To Net: NetName=MUX_B Pin=J3-6
Added Net: Name=MUX_B
Added Pin To Net: NetName=MUX_CH0 Pin=B1-13
Added Pin To Net: NetName=MUX_CH0 Pin=D4-1
Added Net: Name=MUX_CH0
Added Pin To Net: NetName=MUX_CH1 Pin=B1-14
Added Pin To Net: NetName=MUX_CH1 Pin=D5-2
Added Net: Name=MUX_CH1
Added Pin To Net: NetName=MUX_CH2 Pin=B1-15
Added Pin To Net: NetName=MUX_CH2 Pin=D6-2
Added Net: Name=MUX_CH2
Added Pin To Net: NetName=MUX_CH3 Pin=B1-12
Added Pin To Net: NetName=MUX_CH3 Pin=D7-1
Added Net: Name=MUX_CH3
Added Pin To Net: NetName=MUX_CH4 Pin=B1-1
Added Pin To Net: NetName=MUX_CH4 Pin=D8-2
Added Net: Name=MUX_CH4
Added Pin To Net: NetName=MUX_CH5 Pin=B1-5
Added Pin To Net: NetName=MUX_CH5 Pin=D9-2
Added Net: Name=MUX_CH5
Added Pin To Net: NetName=MUX_CH6 Pin=B1-2
Added Pin To Net: NetName=MUX_CH6 Pin=D10-1
Added Net: Name=MUX_CH6
Added Pin To Net: NetName=MUX_CH7 Pin=B1-4
Added Net: Name=MUX_CH7
Added Pin To Net: NetName=MUX_C Pin=B1-9
Added Pin To Net: NetName=MUX_C Pin=J3-7
Added Net: Name=MUX_C
Added Pin To Net: NetName=MUX_INH Pin=B1-6
Added Pin To Net: NetName=MUX_INH Pin=J3-3
Added Net: Name=MUX_INH
Added Pin To Net: NetName=NetD1_2 Pin=D1-2
Added Pin To Net: NetName=NetD1_2 Pin=R3-2
Added Net: Name=NetD1_2
Added Pin To Net: NetName=NetD2_2 Pin=D2-2
Added Pin To Net: NetName=NetD2_2 Pin=R4-2
Added Net: Name=NetD2_2
Added Pin To Net: NetName=NetD3_2 Pin=D3-2
Added Pin To Net: NetName=NetD3_2 Pin=R5-2
Added Net: Name=NetD3_2
Added Pin To Net: NetName=NetD4_2 Pin=D4-2
Added Pin To Net: NetName=NetD4_2 Pin=R8-2
Added Net: Name=NetD4_2
Added Pin To Net: NetName=NetD5_1 Pin=D5-1
Added Pin To Net: NetName=NetD5_1 Pin=R9-2
Added Net: Name=NetD5_1
Added Pin To Net: NetName=NetD6_1 Pin=D6-1
Added Pin To Net: NetName=NetD6_1 Pin=R10-2
Added Net: Name=NetD6_1
Added Pin To Net: NetName=NetD7_2 Pin=D7-2
Added Pin To Net: NetName=NetD7_2 Pin=R11-2
Added Net: Name=NetD7_2
Added Pin To Net: NetName=NetD8_1 Pin=D8-1
Added Pin To Net: NetName=NetD8_1 Pin=R12-2
Added Net: Name=NetD8_1
Added Pin To Net: NetName=NetD9_1 Pin=D9-1
Added Pin To Net: NetName=NetD9_1 Pin=R13-2
Added Net: Name=NetD9_1
Added Pin To Net: NetName=NetD10_2 Pin=D10-2
Added Pin To Net: NetName=NetD10_2 Pin=R14-2
Added Net: Name=NetD10_2
Added Pin To Net: NetName=NetR1_1 Pin=R1-1
Added Pin To Net: NetName=NetR1_1 Pin=X1-4
Added Net: Name=NetR1_1
Added Pin To Net: NetName=NetR2_1 Pin=R2-1
Added Pin To Net: NetName=NetR2_1 Pin=X2-4
Added Net: Name=NetR2_1
Added Pin To Net: NetName=NetR6_1 Pin=R6-1
Added Pin To Net: NetName=NetR6_1 Pin=X3-4
Added Net: Name=NetR6_1
Added Pin To Net: NetName=POT Pin=J1-2
Added Pin To Net: NetName=POT Pin=R7-2
Added Net: Name=POT
Added Pin To Net: NetName=SERVO Pin=J3-2
Added Pin To Net: NetName=SERVO Pin=J4-2
Added Net: Name=SERVO
Added Member To Class: ClassName=EE318 Member=Component B1 CD4051BE
Added Member To Class: ClassName=EE318 Member=Component D1 RED LED
Added Member To Class: ClassName=EE318 Member=Component D2 RED LED
Added Member To Class: ClassName=EE318 Member=Component D3 RED LED
Added Member To Class: ClassName=EE318 Member=Component D4 RED
Added Member To Class: ClassName=EE318 Member=Component D5 YELLOW
Added Member To Class: ClassName=EE318 Member=Component D6 YELLOW
Added Member To Class: ClassName=EE318 Member=Component D7 GREEN
Added Member To Class: ClassName=EE318 Member=Component D8 YELLOW
Added Member To Class: ClassName=EE318 Member=Component D9 YELLOW
Added Member To Class: ClassName=EE318 Member=Component D10 RED
Added Member To Class: ClassName=EE318 Member=Component J1 10 pin header (F)
Added Member To Class: ClassName=EE318 Member=Component J2 2 pin header (F)
Added Member To Class: ClassName=EE318 Member=Component J3 10 pin header (F)
Added Member To Class: ClassName=EE318 Member=Component J4 10129379-903003BLF
Added Member To Class: ClassName=EE318 Member=Component J5 2 pin header (F)
Added Member To Class: ClassName=EE318 Member=Component J6 861400041LO1705LF
Added Member To Class: ClassName=EE318 Member=Component R1 10k
Added Member To Class: ClassName=EE318 Member=Component R2 10k
Added Member To Class: ClassName=EE318 Member=Component R3 220R
Added Member To Class: ClassName=EE318 Member=Component R4 220R
Added Member To Class: ClassName=EE318 Member=Component R5 220R
Added Member To Class: ClassName=EE318 Member=Component R6 10k
Added Member To Class: ClassName=EE318 Member=Component R7 PTV09A-4225F-B103
Added Member To Class: ClassName=EE318 Member=Component R8 220R
Added Member To Class: ClassName=EE318 Member=Component R9 220R
Added Member To Class: ClassName=EE318 Member=Component R10 220R
Added Member To Class: ClassName=EE318 Member=Component R11 220R
Added Member To Class: ClassName=EE318 Member=Component R12 220R
Added Member To Class: ClassName=EE318 Member=Component R13 220R
Added Member To Class: ClassName=EE318 Member=Component R14 220R
Added Member To Class: ClassName=EE318 Member=Component X1 TS02-66-55-BK-160-LCR-D
Added Member To Class: ClassName=EE318 Member=Component X2 TS02-66-55-BK-160-LCR-D
Added Member To Class: ClassName=EE318 Member=Component X3 TS02-66-55-BK-160-LCR-D
Added Room: Name=EE318
